<?xml version="1.0" encoding="UTF-8"?>
<testsuite xmlns:xsi="http://www.w3.org/2001/XMLSchema-instance" xsi:noNamespaceSchemaLocation="https://maven.apache.org/surefire/maven-surefire-plugin/xsd/surefire-test-report-3.0.xsd" version="3.0" name="com.order.ms.OrderMsApplicationTests" time="2.798" tests="1" errors="0" skipped="0" failures="0">
  <properties>
[...]
</properties>
  <testcase name="contextLoads" classname="com.order.ms.OrderMsApplicationTests" time="0.432">
    <system-out><![CDATA[21:25:46.020 [main] INFO org.springframework.test.context.support.AnnotationConfigContextLoaderUtils -- Could not detect default configuration classes for test class [com.order.ms.OrderMsApplicationTests]: OrderMsApplicationTests does not declare any static, non-private, non-final, nested classes annotated with @Configuration.
21:25:46.082 [main] INFO org.springframework.boot.test.context.SpringBootTestContextBootstrapper -- Found @SpringBootConfiguration com.order.ms.OrderMsApplication for test class com.order.ms.OrderMsApplicationTests

  .   ____          _            __ _ _
 /\\ / ___'_ __ _ _(_)_ __  __ _ \ \ \ \
( ( )\___ | '_ | '_| | '_ \/ _` | \ \ \ \
 \\/  ___)| |_)| | | | | || (_| |  ) ) ) )
  '  |____| .__|_| |_|_| |_\__, | / / / /
 =========|_|==============|___/=/_/_/_/
 :: Spring Boot ::                (v3.2.5)

2024-04-19T21:25:46.296Z  INFO 45052 --- [order-ms] [           main] com.order.ms.OrderMsApplicationTests     : Starting OrderMsApplicationTests using Java 17.0.10 with PID 45052 (started by user1 in /home/user1/saga-pattern1/order-ms)
2024-04-19T21:25:46.298Z  INFO 45052 --- [order-ms] [           main] com.order.ms.OrderMsApplicationTests     : No active profile set, falling back to 1 default profile: "default"
2024-04-19T21:25:46.626Z  INFO 45052 --- [order-ms] [           main] .s.d.r.c.RepositoryConfigurationDelegate : Bootstrapping Spring Data JPA repositories in DEFAULT mode.
2024-04-19T21:25:46.658Z  INFO 45052 --- [order-ms] [           main] .s.d.r.c.RepositoryConfigurationDelegate : Finished Spring Data repository scanning in 27 ms. Found 1 JPA repository interface.
2024-04-19T21:25:46.939Z  INFO 45052 --- [order-ms] [           main] o.hibernate.jpa.internal.util.LogHelper  : HHH000204: Processing PersistenceUnitInfo [name: default]
2024-04-19T21:25:46.962Z  INFO 45052 --- [order-ms] [           main] org.hibernate.Version                    : HHH000412: Hibernate ORM core version 6.4.4.Final
2024-04-19T21:25:46.979Z  INFO 45052 --- [order-ms] [           main] o.h.c.internal.RegionFactoryInitiator    : HHH000026: Second-level cache disabled
2024-04-19T21:25:47.088Z  INFO 45052 --- [order-ms] [           main] o.s.o.j.p.SpringPersistenceUnitInfo      : No LoadTimeWeaver setup: ignoring JPA class transformer
2024-04-19T21:25:47.100Z  INFO 45052 --- [order-ms] [           main] com.zaxxer.hikari.HikariDataSource       : HikariPool-1 - Starting...
2024-04-19T21:25:47.272Z  INFO 45052 --- [order-ms] [           main] com.zaxxer.hikari.pool.HikariPool        : HikariPool-1 - Added connection com.mysql.cj.jdbc.ConnectionImpl@30517a57
2024-04-19T21:25:47.273Z  INFO 45052 --- [order-ms] [           main] com.zaxxer.hikari.HikariDataSource       : HikariPool-1 - Start completed.
2024-04-19T21:25:47.297Z  WARN 45052 --- [order-ms] [           main] org.hibernate.orm.deprecation            : HHH90000025: MySQLDialect does not need to be specified explicitly using 'hibernate.dialect' (remove the property setting and it will be selected by default)
2024-04-19T21:25:47.714Z  INFO 45052 --- [order-ms] [           main] o.h.e.t.j.p.i.JtaPlatformInitiator       : HHH000489: No JTA platform available (set 'hibernate.transaction.jta.platform' to enable JTA platform integration)
2024-04-19T21:25:47.735Z  INFO 45052 --- [order-ms] [           main] j.LocalContainerEntityManagerFactoryBean : Initialized JPA EntityManagerFactory for persistence unit 'default'
2024-04-19T21:25:48.189Z  INFO 45052 --- [order-ms] [           main] o.a.k.clients.consumer.ConsumerConfig    : ConsumerConfig values: 
	allow.auto.create.topics = true
	auto.commit.interval.ms = 5000
	auto.include.jmx.reporter = true
	auto.offset.reset = latest
	bootstrap.servers = [localhost:9092]
	check.crcs = true
	client.dns.lookup = use_all_dns_ips
	client.id = consumer-orders-group-1
	client.rack = 
	connections.max.idle.ms = 540000
	default.api.timeout.ms = 60000
	enable.auto.commit = false
	exclude.internal.topics = true
	fetch.max.bytes = 52428800
	fetch.max.wait.ms = 500
	fetch.min.bytes = 1
	group.id = orders-group
	group.instance.id = null
	heartbeat.interval.ms = 3000
	interceptor.classes = []
	internal.leave.group.on.close = true
	internal.throw.on.fetch.stable.offset.unsupported = false
	isolation.level = read_uncommitted
	key.deserializer = class org.apache.kafka.common.serialization.StringDeserializer
	max.partition.fetch.bytes = 1048576
	max.poll.interval.ms = 300000
	max.poll.records = 500
	metadata.max.age.ms = 300000
	metric.reporters = []
	metrics.num.samples = 2
	metrics.recording.level = INFO
	metrics.sample.window.ms = 30000
	partition.assignment.strategy = [class org.apache.kafka.clients.consumer.RangeAssignor, class org.apache.kafka.clients.consumer.CooperativeStickyAssignor]
	receive.buffer.bytes = 65536
	reconnect.backoff.max.ms = 1000
	reconnect.backoff.ms = 50
	request.timeout.ms = 30000
	retry.backoff.ms = 100
	sasl.client.callback.handler.class = null
	sasl.jaas.config = null
	sasl.kerberos.kinit.cmd = /usr/bin/kinit
	sasl.kerberos.min.time.before.relogin = 60000
	sasl.kerberos.service.name = null
	sasl.kerberos.ticket.renew.jitter = 0.05
	sasl.kerberos.ticket.renew.window.factor = 0.8
	sasl.login.callback.handler.class = null
	sasl.login.class = null
	sasl.login.connect.timeout.ms = null
	sasl.login.read.timeout.ms = null
	sasl.login.refresh.buffer.seconds = 300
	sasl.login.refresh.min.period.seconds = 60
	sasl.login.refresh.window.factor = 0.8
	sasl.login.refresh.window.jitter = 0.05
	sasl.login.retry.backoff.max.ms = 10000
	sasl.login.retry.backoff.ms = 100
	sasl.mechanism = GSSAPI
	sasl.oauthbearer.clock.skew.seconds = 30
	sasl.oauthbearer.expected.audience = null
	sasl.oauthbearer.expected.issuer = null
	sasl.oauthbearer.jwks.endpoint.refresh.ms = 3600000
	sasl.oauthbearer.jwks.endpoint.retry.backoff.max.ms = 10000
	sasl.oauthbearer.jwks.endpoint.retry.backoff.ms = 100
	sasl.oauthbearer.jwks.endpoint.url = null
	sasl.oauthbearer.scope.claim.name = scope
	sasl.oauthbearer.sub.claim.name = sub
	sasl.oauthbearer.token.endpoint.url = null
	security.protocol = PLAINTEXT
	security.providers = null
	send.buffer.bytes = 131072
	session.timeout.ms = 45000
	socket.connection.setup.timeout.max.ms = 30000
	socket.connection.setup.timeout.ms = 10000
	ssl.cipher.suites = null
	ssl.enabled.protocols = [TLSv1.2, TLSv1.3]
	ssl.endpoint.identification.algorithm = https
	ssl.engine.factory.class = null
	ssl.key.password = null
	ssl.keymanager.algorithm = SunX509
	ssl.keystore.certificate.chain = null
	ssl.keystore.key = null
	ssl.keystore.location = null
	ssl.keystore.password = null
	ssl.keystore.type = JKS
	ssl.protocol = TLSv1.3
	ssl.provider = null
	ssl.secure.random.implementation = null
	ssl.trustmanager.algorithm = PKIX
	ssl.truststore.certificates = null
	ssl.truststore.location = null
	ssl.truststore.password = null
	ssl.truststore.type = JKS
	value.deserializer = class org.apache.kafka.common.serialization.StringDeserializer

2024-04-19T21:25:48.271Z  INFO 45052 --- [order-ms] [           main] o.a.kafka.common.utils.AppInfoParser     : Kafka version: 3.6.2
2024-04-19T21:25:48.271Z  INFO 45052 --- [order-ms] [           main] o.a.kafka.common.utils.AppInfoParser     : Kafka commitId: c4deed513057c94e
2024-04-19T21:25:48.271Z  INFO 45052 --- [order-ms] [           main] o.a.kafka.common.utils.AppInfoParser     : Kafka startTimeMs: 1713561948270
2024-04-19T21:25:48.273Z  INFO 45052 --- [order-ms] [           main] fkaConsumerFactory$ExtendedKafkaConsumer : [Consumer clientId=consumer-orders-group-1, groupId=orders-group] Subscribed to topic(s): reversed-orders
2024-04-19T21:25:48.283Z  INFO 45052 --- [order-ms] [           main] com.order.ms.OrderMsApplicationTests     : Started OrderMsApplicationTests in 2.116 seconds (process running for 2.65)
2024-04-19T21:25:48.438Z  INFO 45052 --- [order-ms] [ntainer#0-0-C-1] org.apache.kafka.clients.Metadata        : [Consumer clientId=consumer-orders-group-1, groupId=orders-group] Cluster ID: VWTyCvuiQ9KkPI_VAueM7A
2024-04-19T21:25:48.439Z  INFO 45052 --- [order-ms] [ntainer#0-0-C-1] o.a.k.c.c.internals.ConsumerCoordinator  : [Consumer clientId=consumer-orders-group-1, groupId=orders-group] Discovered group coordinator localhost:9093 (id: 2147483645 rack: null)
2024-04-19T21:25:48.456Z  INFO 45052 --- [order-ms] [ntainer#0-0-C-1] o.a.k.c.c.internals.ConsumerCoordinator  : [Consumer clientId=consumer-orders-group-1, groupId=orders-group] (Re-)joining group
2024-04-19T21:25:48.468Z  INFO 45052 --- [order-ms] [ntainer#0-0-C-1] o.a.k.c.c.internals.ConsumerCoordinator  : [Consumer clientId=consumer-orders-group-1, groupId=orders-group] Request joining group due to: need to re-join with the given member-id: consumer-orders-group-1-63e62802-7d8b-46c5-931c-df15aee0ce88
2024-04-19T21:25:48.469Z  INFO 45052 --- [order-ms] [ntainer#0-0-C-1] o.a.k.c.c.internals.ConsumerCoordinator  : [Consumer clientId=consumer-orders-group-1, groupId=orders-group] Request joining group due to: rebalance failed due to 'The group member needs to have a valid member id before actually entering a consumer group.' (MemberIdRequiredException)
2024-04-19T21:25:48.469Z  INFO 45052 --- [order-ms] [ntainer#0-0-C-1] o.a.k.c.c.internals.ConsumerCoordinator  : [Consumer clientId=consumer-orders-group-1, groupId=orders-group] (Re-)joining group
]]></system-out>
  </testcase>
</testsuite>